{"/Users/sulaimanabidemi/Desktop/Lambda-school/testing-using-jest/testing-node/src/helpers.js": {"path":"/Users/sulaimanabidemi/Desktop/Lambda-school/testing-using-jest/testing-node/src/helpers.js","statementMap":{"0":{"start":{"line":2,"column":1},"end":{"line":2,"column":55}},"1":{"start":{"line":2,"column":39},"end":{"line":2,"column":53}},"2":{"start":{"line":6,"column":1},"end":{"line":8,"column":2}},"3":{"start":{"line":7,"column":2},"end":{"line":7,"column":46}},"4":{"start":{"line":10,"column":1},"end":{"line":12,"column":2}},"5":{"start":{"line":11,"column":2},"end":{"line":11,"column":45}},"6":{"start":{"line":14,"column":1},"end":{"line":17,"column":3}},"7":{"start":{"line":20,"column":0},"end":{"line":23,"column":2}}},"fnMap":{"0":{"name":"sum","decl":{"start":{"line":1,"column":9},"end":{"line":1,"column":12}},"loc":{"start":{"line":1,"column":22},"end":{"line":3,"column":1}},"line":1},"1":{"name":"(anonymous_1)","decl":{"start":{"line":2,"column":20},"end":{"line":2,"column":21}},"loc":{"start":{"line":2,"column":39},"end":{"line":2,"column":53}},"line":2},"2":{"name":"makeUser","decl":{"start":{"line":5,"column":9},"end":{"line":5,"column":17}},"loc":{"start":{"line":5,"column":33},"end":{"line":18,"column":1}},"line":5}},"branchMap":{"0":{"loc":{"start":{"line":6,"column":1},"end":{"line":8,"column":2}},"type":"if","locations":[{"start":{"line":6,"column":1},"end":{"line":8,"column":2}},{"start":{"line":6,"column":1},"end":{"line":8,"column":2}}],"line":6},"1":{"loc":{"start":{"line":10,"column":1},"end":{"line":12,"column":2}},"type":"if","locations":[{"start":{"line":10,"column":1},"end":{"line":12,"column":2}},{"start":{"line":10,"column":1},"end":{"line":12,"column":2}}],"line":10},"2":{"loc":{"start":{"line":10,"column":5},"end":{"line":10,"column":42}},"type":"binary-expr","locations":[{"start":{"line":10,"column":5},"end":{"line":10,"column":28}},{"start":{"line":10,"column":32},"end":{"line":10,"column":42}}],"line":10}},"s":{"0":2,"1":3,"2":4,"3":1,"4":3,"5":2,"6":1,"7":1},"f":{"0":2,"1":3,"2":4},"b":{"0":[1,3],"1":[2,1],"2":[3,2]},"_coverageSchema":"43e27e138ebf9cfc5966b082cf9a028302ed4184","hash":"c8de033b7335da457fc67fc3bf93f0e6971fc4a7"}
}
